commit 3b3ae5e4e8eaf58883c496e9ebd185cecc1affba
Author: Iman <iman.sa68@yahoo.com>
Date:   Sat Mar 28 14:28:24 2026 +0000

    forth file

commit 52f7eb5ab1cfe35df60d444c7a33ca317c3c3f4f
Author: Iman <iman.sa68@yahoo.com>
Date:   Sat Mar 28 14:27:17 2026 +0000

    third file

commit abce0534fac6917d15f80a7060c6b57d5ecbb84c
Author: Iman <iman.sa68@yahoo.com>
Date:   Sat Mar 28 14:26:26 2026 +0000

    second file

commit 2fe6e86d6fb1b30acd6ef7d212a9cadff7fe24a5
Author: Iman <iman.sa68@yahoo.com>
Date:   Sat Mar 28 12:29:02 2026 +0000

    salam

commit bcdabc3e126cc1bc3de60559f1d4548a6601148e
Author: Iman <iman.sa68@yahoo.com>
Date:   Sat Mar 28 12:08:37 2026 +0000

    first file
